
*** Running vivado
    with args -log design_1_wrapper.vds -m64 -product Vivado -mode batch -messageDb vivado.pb -notrace -source design_1_wrapper.tcl



****** Vivado v2020.2 (64-bit)
  **** SW Build 3064766 on Wed Nov 18 09:12:45 MST 2020
  **** IP Build 3064653 on Wed Nov 18 14:17:31 MST 2020
    ** Copyright 1986-2020 Xilinx, Inc. All Rights Reserved.

source design_1_wrapper.tcl -notrace
INFO: [IP_Flow 19-234] Refreshing IP repositories
INFO: [IP_Flow 19-1700] Loaded user IP repository 'c:/Users/chiar/Desktop/DESD-LAB2-ENCRYPTED.xpr/DESD-LAB2/DESD-LAB2.ipdefs/IPs'.
INFO: [IP_Flow 19-2313] Loaded Vivado IP repository 'C:/Xilinx/Vivado/2020.2/data/ip'.
add_files: Time (s): cpu = 00:00:03 ; elapsed = 00:00:08 . Memory (MB): peak = 1014.707 ; gain = 0.000
Command: synth_design -top design_1_wrapper -part xc7a35tcpg236-1
Starting synth_design
Attempting to get a license for feature 'Synthesis' and/or device 'xc7a35t'
INFO: [Common 17-349] Got license for feature 'Synthesis' and/or device 'xc7a35t'
INFO: [Device 21-403] Loading part xc7a35tcpg236-1
INFO: [Synth 8-7079] Multithreading enabled for synth_design using a maximum of 2 processes.
INFO: [Synth 8-7078] Launching helper process for spawning children vivado processes
INFO: [Synth 8-7075] Helper process launched with PID 972
---------------------------------------------------------------------------------
Starting RTL Elaboration : Time (s): cpu = 00:00:04 ; elapsed = 00:00:04 . Memory (MB): peak = 1014.707 ; gain = 0.000
---------------------------------------------------------------------------------
INFO: [Synth 8-638] synthesizing module 'design_1_wrapper' [C:/Users/chiar/Desktop/DESD-LAB2-ENCRYPTED.xpr/DESD-LAB2/DESD-LAB2.srcs/sources_1/imports/design_1_wrapper.vhd:26]
INFO: [Synth 8-3491] module 'design_1' declared at 'c:/Users/chiar/Desktop/DESD-LAB2-ENCRYPTED.xpr/DESD-LAB2/DESD-LAB2.gen/sources_1/bd/design_1/synth/design_1.vhd:14' bound to instance 'design_1_i' of component 'design_1' [C:/Users/chiar/Desktop/DESD-LAB2-ENCRYPTED.xpr/DESD-LAB2/DESD-LAB2.srcs/sources_1/imports/design_1_wrapper.vhd:39]
INFO: [Synth 8-638] synthesizing module 'design_1' [c:/Users/chiar/Desktop/DESD-LAB2-ENCRYPTED.xpr/DESD-LAB2/DESD-LAB2.gen/sources_1/bd/design_1/synth/design_1.vhd:30]
INFO: [Synth 8-3491] module 'design_1_AXI4Stream_UART_0_0' declared at 'C:/Users/chiar/Desktop/DESD-LAB2-ENCRYPTED.xpr/DESD-LAB2/DESD-LAB2.runs/synth_1/.Xil/Vivado-7672-LAPTOP-N6QBIPS8/realtime/design_1_AXI4Stream_UART_0_0_stub.vhdl:5' bound to instance 'AXI4Stream_UART_0' of component 'design_1_AXI4Stream_UART_0_0' [c:/Users/chiar/Desktop/DESD-LAB2-ENCRYPTED.xpr/DESD-LAB2/DESD-LAB2.gen/sources_1/bd/design_1/synth/design_1.vhd:290]
INFO: [Synth 8-638] synthesizing module 'design_1_AXI4Stream_UART_0_0' [C:/Users/chiar/Desktop/DESD-LAB2-ENCRYPTED.xpr/DESD-LAB2/DESD-LAB2.runs/synth_1/.Xil/Vivado-7672-LAPTOP-N6QBIPS8/realtime/design_1_AXI4Stream_UART_0_0_stub.vhdl:25]
INFO: [Synth 8-3491] module 'design_1_bram_writer_0_0' declared at 'C:/Users/chiar/Desktop/DESD-LAB2-ENCRYPTED.xpr/DESD-LAB2/DESD-LAB2.runs/synth_1/.Xil/Vivado-7672-LAPTOP-N6QBIPS8/realtime/design_1_bram_writer_0_0_stub.vhdl:5' bound to instance 'bram_writer_0' of component 'design_1_bram_writer_0_0' [c:/Users/chiar/Desktop/DESD-LAB2-ENCRYPTED.xpr/DESD-LAB2/DESD-LAB2.gen/sources_1/bd/design_1/synth/design_1.vhd:307]
INFO: [Synth 8-638] synthesizing module 'design_1_bram_writer_0_0' [C:/Users/chiar/Desktop/DESD-LAB2-ENCRYPTED.xpr/DESD-LAB2/DESD-LAB2.runs/synth_1/.Xil/Vivado-7672-LAPTOP-N6QBIPS8/realtime/design_1_bram_writer_0_0_stub.vhdl:24]
INFO: [Synth 8-3491] module 'design_1_clk_wiz_0_0' declared at 'C:/Users/chiar/Desktop/DESD-LAB2-ENCRYPTED.xpr/DESD-LAB2/DESD-LAB2.runs/synth_1/.Xil/Vivado-7672-LAPTOP-N6QBIPS8/realtime/design_1_clk_wiz_0_0_stub.vhdl:5' bound to instance 'clk_wiz_0' of component 'design_1_clk_wiz_0_0' [c:/Users/chiar/Desktop/DESD-LAB2-ENCRYPTED.xpr/DESD-LAB2/DESD-LAB2.gen/sources_1/bd/design_1/synth/design_1.vhd:323]
INFO: [Synth 8-638] synthesizing module 'design_1_clk_wiz_0_0' [C:/Users/chiar/Desktop/DESD-LAB2-ENCRYPTED.xpr/DESD-LAB2/DESD-LAB2.runs/synth_1/.Xil/Vivado-7672-LAPTOP-N6QBIPS8/realtime/design_1_clk_wiz_0_0_stub.vhdl:15]
INFO: [Synth 8-3491] module 'design_1_depacketizer_0_0' declared at 'C:/Users/chiar/Desktop/DESD-LAB2-ENCRYPTED.xpr/DESD-LAB2/DESD-LAB2.runs/synth_1/.Xil/Vivado-7672-LAPTOP-N6QBIPS8/realtime/design_1_depacketizer_0_0_stub.vhdl:5' bound to instance 'depacketizer_0' of component 'design_1_depacketizer_0_0' [c:/Users/chiar/Desktop/DESD-LAB2-ENCRYPTED.xpr/DESD-LAB2/DESD-LAB2.gen/sources_1/bd/design_1/synth/design_1.vhd:330]
INFO: [Synth 8-638] synthesizing module 'design_1_depacketizer_0_0' [C:/Users/chiar/Desktop/DESD-LAB2-ENCRYPTED.xpr/DESD-LAB2/DESD-LAB2.runs/synth_1/.Xil/Vivado-7672-LAPTOP-N6QBIPS8/realtime/design_1_depacketizer_0_0_stub.vhdl:20]
INFO: [Synth 8-3491] module 'design_1_img_conv_0_0' declared at 'C:/Users/chiar/Desktop/DESD-LAB2-ENCRYPTED.xpr/DESD-LAB2/DESD-LAB2.runs/synth_1/.Xil/Vivado-7672-LAPTOP-N6QBIPS8/realtime/design_1_img_conv_0_0_stub.vhdl:5' bound to instance 'img_conv_0' of component 'design_1_img_conv_0_0' [c:/Users/chiar/Desktop/DESD-LAB2-ENCRYPTED.xpr/DESD-LAB2/DESD-LAB2.gen/sources_1/bd/design_1/synth/design_1.vhd:342]
INFO: [Synth 8-638] synthesizing module 'design_1_img_conv_0_0' [C:/Users/chiar/Desktop/DESD-LAB2-ENCRYPTED.xpr/DESD-LAB2/DESD-LAB2.runs/synth_1/.Xil/Vivado-7672-LAPTOP-N6QBIPS8/realtime/design_1_img_conv_0_0_stub.vhdl:21]
INFO: [Synth 8-3491] module 'design_1_led_blinker_0_0' declared at 'C:/Users/chiar/Desktop/DESD-LAB2-ENCRYPTED.xpr/DESD-LAB2/DESD-LAB2.runs/synth_1/.Xil/Vivado-7672-LAPTOP-N6QBIPS8/realtime/design_1_led_blinker_0_0_stub.vhdl:5' bound to instance 'led_blinker_0' of component 'design_1_led_blinker_0_0' [c:/Users/chiar/Desktop/DESD-LAB2-ENCRYPTED.xpr/DESD-LAB2/DESD-LAB2.gen/sources_1/bd/design_1/synth/design_1.vhd:355]
INFO: [Synth 8-638] synthesizing module 'design_1_led_blinker_0_0' [C:/Users/chiar/Desktop/DESD-LAB2-ENCRYPTED.xpr/DESD-LAB2/DESD-LAB2.runs/synth_1/.Xil/Vivado-7672-LAPTOP-N6QBIPS8/realtime/design_1_led_blinker_0_0_stub.vhdl:15]
INFO: [Synth 8-3491] module 'design_1_led_blinker_0_1' declared at 'C:/Users/chiar/Desktop/DESD-LAB2-ENCRYPTED.xpr/DESD-LAB2/DESD-LAB2.runs/synth_1/.Xil/Vivado-7672-LAPTOP-N6QBIPS8/realtime/design_1_led_blinker_0_1_stub.vhdl:5' bound to instance 'led_blinker_1' of component 'design_1_led_blinker_0_1' [c:/Users/chiar/Desktop/DESD-LAB2-ENCRYPTED.xpr/DESD-LAB2/DESD-LAB2.gen/sources_1/bd/design_1/synth/design_1.vhd:362]
INFO: [Synth 8-638] synthesizing module 'design_1_led_blinker_0_1' [C:/Users/chiar/Desktop/DESD-LAB2-ENCRYPTED.xpr/DESD-LAB2/DESD-LAB2.runs/synth_1/.Xil/Vivado-7672-LAPTOP-N6QBIPS8/realtime/design_1_led_blinker_0_1_stub.vhdl:15]
INFO: [Synth 8-3491] module 'design_1_led_blinker_0_2' declared at 'C:/Users/chiar/Desktop/DESD-LAB2-ENCRYPTED.xpr/DESD-LAB2/DESD-LAB2.runs/synth_1/.Xil/Vivado-7672-LAPTOP-N6QBIPS8/realtime/design_1_led_blinker_0_2_stub.vhdl:5' bound to instance 'led_blinker_2' of component 'design_1_led_blinker_0_2' [c:/Users/chiar/Desktop/DESD-LAB2-ENCRYPTED.xpr/DESD-LAB2/DESD-LAB2.gen/sources_1/bd/design_1/synth/design_1.vhd:369]
INFO: [Synth 8-638] synthesizing module 'design_1_led_blinker_0_2' [C:/Users/chiar/Desktop/DESD-LAB2-ENCRYPTED.xpr/DESD-LAB2/DESD-LAB2.runs/synth_1/.Xil/Vivado-7672-LAPTOP-N6QBIPS8/realtime/design_1_led_blinker_0_2_stub.vhdl:15]
INFO: [Synth 8-3491] module 'design_1_packetizer_0_1' declared at 'C:/Users/chiar/Desktop/DESD-LAB2-ENCRYPTED.xpr/DESD-LAB2/DESD-LAB2.runs/synth_1/.Xil/Vivado-7672-LAPTOP-N6QBIPS8/realtime/design_1_packetizer_0_1_stub.vhdl:5' bound to instance 'packetizer_0' of component 'design_1_packetizer_0_1' [c:/Users/chiar/Desktop/DESD-LAB2-ENCRYPTED.xpr/DESD-LAB2/DESD-LAB2.gen/sources_1/bd/design_1/synth/design_1.vhd:376]
INFO: [Synth 8-638] synthesizing module 'design_1_packetizer_0_1' [C:/Users/chiar/Desktop/DESD-LAB2-ENCRYPTED.xpr/DESD-LAB2/DESD-LAB2.runs/synth_1/.Xil/Vivado-7672-LAPTOP-N6QBIPS8/realtime/design_1_packetizer_0_1_stub.vhdl:20]
INFO: [Synth 8-3491] module 'design_1_proc_sys_reset_0_0' declared at 'C:/Users/chiar/Desktop/DESD-LAB2-ENCRYPTED.xpr/DESD-LAB2/DESD-LAB2.runs/synth_1/.Xil/Vivado-7672-LAPTOP-N6QBIPS8/realtime/design_1_proc_sys_reset_0_0_stub.vhdl:5' bound to instance 'proc_sys_reset_0' of component 'design_1_proc_sys_reset_0_0' [c:/Users/chiar/Desktop/DESD-LAB2-ENCRYPTED.xpr/DESD-LAB2/DESD-LAB2.gen/sources_1/bd/design_1/synth/design_1.vhd:388]
INFO: [Synth 8-638] synthesizing module 'design_1_proc_sys_reset_0_0' [C:/Users/chiar/Desktop/DESD-LAB2-ENCRYPTED.xpr/DESD-LAB2/DESD-LAB2.runs/synth_1/.Xil/Vivado-7672-LAPTOP-N6QBIPS8/realtime/design_1_proc_sys_reset_0_0_stub.vhdl:21]
INFO: [Synth 8-3491] module 'design_1_rgb2gray_0_0' declared at 'C:/Users/chiar/Desktop/DESD-LAB2-ENCRYPTED.xpr/DESD-LAB2/DESD-LAB2.runs/synth_1/.Xil/Vivado-7672-LAPTOP-N6QBIPS8/realtime/design_1_rgb2gray_0_0_stub.vhdl:5' bound to instance 'rgb2gray_0' of component 'design_1_rgb2gray_0_0' [c:/Users/chiar/Desktop/DESD-LAB2-ENCRYPTED.xpr/DESD-LAB2/DESD-LAB2.gen/sources_1/bd/design_1/synth/design_1.vhd:401]
INFO: [Synth 8-638] synthesizing module 'design_1_rgb2gray_0_0' [C:/Users/chiar/Desktop/DESD-LAB2-ENCRYPTED.xpr/DESD-LAB2/DESD-LAB2.runs/synth_1/.Xil/Vivado-7672-LAPTOP-N6QBIPS8/realtime/design_1_rgb2gray_0_0_stub.vhdl:21]
INFO: [Synth 8-3491] module 'design_1_system_ila_0_0' declared at 'C:/Users/chiar/Desktop/DESD-LAB2-ENCRYPTED.xpr/DESD-LAB2/DESD-LAB2.runs/synth_1/.Xil/Vivado-7672-LAPTOP-N6QBIPS8/realtime/design_1_system_ila_0_0_stub.vhdl:5' bound to instance 'system_ila_0' of component 'design_1_system_ila_0_0' [c:/Users/chiar/Desktop/DESD-LAB2-ENCRYPTED.xpr/DESD-LAB2/DESD-LAB2.gen/sources_1/bd/design_1/synth/design_1.vhd:414]
INFO: [Synth 8-638] synthesizing module 'design_1_system_ila_0_0' [C:/Users/chiar/Desktop/DESD-LAB2-ENCRYPTED.xpr/DESD-LAB2/DESD-LAB2.runs/synth_1/.Xil/Vivado-7672-LAPTOP-N6QBIPS8/realtime/design_1_system_ila_0_0_stub.vhdl:29]
INFO: [Synth 8-256] done synthesizing module 'design_1' (1#1) [c:/Users/chiar/Desktop/DESD-LAB2-ENCRYPTED.xpr/DESD-LAB2/DESD-LAB2.gen/sources_1/bd/design_1/synth/design_1.vhd:30]
INFO: [Synth 8-256] done synthesizing module 'design_1_wrapper' (2#1) [C:/Users/chiar/Desktop/DESD-LAB2-ENCRYPTED.xpr/DESD-LAB2/DESD-LAB2.srcs/sources_1/imports/design_1_wrapper.vhd:26]
---------------------------------------------------------------------------------
Finished RTL Elaboration : Time (s): cpu = 00:00:05 ; elapsed = 00:00:06 . Memory (MB): peak = 1016.719 ; gain = 2.012
---------------------------------------------------------------------------------
---------------------------------------------------------------------------------
Start Handling Custom Attributes
---------------------------------------------------------------------------------
---------------------------------------------------------------------------------
Finished Handling Custom Attributes : Time (s): cpu = 00:00:05 ; elapsed = 00:00:06 . Memory (MB): peak = 1016.719 ; gain = 2.012
---------------------------------------------------------------------------------
---------------------------------------------------------------------------------
Finished RTL Optimization Phase 1 : Time (s): cpu = 00:00:05 ; elapsed = 00:00:06 . Memory (MB): peak = 1016.719 ; gain = 2.012
---------------------------------------------------------------------------------
Netlist sorting complete. Time (s): cpu = 00:00:00 ; elapsed = 00:00:00.001 . Memory (MB): peak = 1016.719 ; gain = 0.000
INFO: [Project 1-570] Preparing netlist for logic optimization

Processing XDC Constraints
Initializing timing engine
Parsing XDC File [c:/Users/chiar/Desktop/DESD-LAB2-ENCRYPTED.xpr/DESD-LAB2/DESD-LAB2.gen/sources_1/bd/design_1/ip/design_1_system_ila_0_0/design_1_system_ila_0_0/design_1_system_ila_0_0_in_context.xdc] for cell 'design_1_i/system_ila_0'
Finished Parsing XDC File [c:/Users/chiar/Desktop/DESD-LAB2-ENCRYPTED.xpr/DESD-LAB2/DESD-LAB2.gen/sources_1/bd/design_1/ip/design_1_system_ila_0_0/design_1_system_ila_0_0/design_1_system_ila_0_0_in_context.xdc] for cell 'design_1_i/system_ila_0'
Parsing XDC File [c:/Users/chiar/Desktop/DESD-LAB2-ENCRYPTED.xpr/DESD-LAB2/DESD-LAB2.gen/sources_1/bd/design_1/ip/design_1_led_blinker_0_0/design_1_led_blinker_0_0/design_1_led_blinker_0_0_in_context.xdc] for cell 'design_1_i/led_blinker_0'
Finished Parsing XDC File [c:/Users/chiar/Desktop/DESD-LAB2-ENCRYPTED.xpr/DESD-LAB2/DESD-LAB2.gen/sources_1/bd/design_1/ip/design_1_led_blinker_0_0/design_1_led_blinker_0_0/design_1_led_blinker_0_0_in_context.xdc] for cell 'design_1_i/led_blinker_0'
Parsing XDC File [c:/Users/chiar/Desktop/DESD-LAB2-ENCRYPTED.xpr/DESD-LAB2/DESD-LAB2.gen/sources_1/bd/design_1/ip/design_1_img_conv_0_0/design_1_img_conv_0_0/design_1_img_conv_0_0_in_context.xdc] for cell 'design_1_i/img_conv_0'
Finished Parsing XDC File [c:/Users/chiar/Desktop/DESD-LAB2-ENCRYPTED.xpr/DESD-LAB2/DESD-LAB2.gen/sources_1/bd/design_1/ip/design_1_img_conv_0_0/design_1_img_conv_0_0/design_1_img_conv_0_0_in_context.xdc] for cell 'design_1_i/img_conv_0'
Parsing XDC File [c:/Users/chiar/Desktop/DESD-LAB2-ENCRYPTED.xpr/DESD-LAB2/DESD-LAB2.gen/sources_1/bd/design_1/ip/design_1_led_blinker_0_1/design_1_led_blinker_0_1/design_1_led_blinker_0_1_in_context.xdc] for cell 'design_1_i/led_blinker_1'
Finished Parsing XDC File [c:/Users/chiar/Desktop/DESD-LAB2-ENCRYPTED.xpr/DESD-LAB2/DESD-LAB2.gen/sources_1/bd/design_1/ip/design_1_led_blinker_0_1/design_1_led_blinker_0_1/design_1_led_blinker_0_1_in_context.xdc] for cell 'design_1_i/led_blinker_1'
Parsing XDC File [c:/Users/chiar/Desktop/DESD-LAB2-ENCRYPTED.xpr/DESD-LAB2/DESD-LAB2.gen/sources_1/bd/design_1/ip/design_1_led_blinker_0_2/design_1_led_blinker_0_2/design_1_led_blinker_0_2_in_context.xdc] for cell 'design_1_i/led_blinker_2'
Finished Parsing XDC File [c:/Users/chiar/Desktop/DESD-LAB2-ENCRYPTED.xpr/DESD-LAB2/DESD-LAB2.gen/sources_1/bd/design_1/ip/design_1_led_blinker_0_2/design_1_led_blinker_0_2/design_1_led_blinker_0_2_in_context.xdc] for cell 'design_1_i/led_blinker_2'
Parsing XDC File [c:/Users/chiar/Desktop/DESD-LAB2-ENCRYPTED.xpr/DESD-LAB2/DESD-LAB2.gen/sources_1/bd/design_1/ip/design_1_AXI4Stream_UART_0_0/design_1_AXI4Stream_UART_0_0/design_1_AXI4Stream_UART_0_0_in_context.xdc] for cell 'design_1_i/AXI4Stream_UART_0'
Finished Parsing XDC File [c:/Users/chiar/Desktop/DESD-LAB2-ENCRYPTED.xpr/DESD-LAB2/DESD-LAB2.gen/sources_1/bd/design_1/ip/design_1_AXI4Stream_UART_0_0/design_1_AXI4Stream_UART_0_0/design_1_AXI4Stream_UART_0_0_in_context.xdc] for cell 'design_1_i/AXI4Stream_UART_0'
Parsing XDC File [c:/Users/chiar/Desktop/DESD-LAB2-ENCRYPTED.xpr/DESD-LAB2/DESD-LAB2.gen/sources_1/bd/design_1/ip/design_1_clk_wiz_0_0/design_1_clk_wiz_0_0/design_1_clk_wiz_0_0_in_context.xdc] for cell 'design_1_i/clk_wiz_0'
Finished Parsing XDC File [c:/Users/chiar/Desktop/DESD-LAB2-ENCRYPTED.xpr/DESD-LAB2/DESD-LAB2.gen/sources_1/bd/design_1/ip/design_1_clk_wiz_0_0/design_1_clk_wiz_0_0/design_1_clk_wiz_0_0_in_context.xdc] for cell 'design_1_i/clk_wiz_0'
Parsing XDC File [c:/Users/chiar/Desktop/DESD-LAB2-ENCRYPTED.xpr/DESD-LAB2/DESD-LAB2.gen/sources_1/bd/design_1/ip/design_1_proc_sys_reset_0_0/design_1_proc_sys_reset_0_0/design_1_proc_sys_reset_0_0_in_context.xdc] for cell 'design_1_i/proc_sys_reset_0'
Finished Parsing XDC File [c:/Users/chiar/Desktop/DESD-LAB2-ENCRYPTED.xpr/DESD-LAB2/DESD-LAB2.gen/sources_1/bd/design_1/ip/design_1_proc_sys_reset_0_0/design_1_proc_sys_reset_0_0/design_1_proc_sys_reset_0_0_in_context.xdc] for cell 'design_1_i/proc_sys_reset_0'
Parsing XDC File [c:/Users/chiar/Desktop/DESD-LAB2-ENCRYPTED.xpr/DESD-LAB2/DESD-LAB2.gen/sources_1/bd/design_1/ip/design_1_depacketizer_0_0/design_1_depacketizer_0_0/design_1_depacketizer_0_0_in_context.xdc] for cell 'design_1_i/depacketizer_0'
Finished Parsing XDC File [c:/Users/chiar/Desktop/DESD-LAB2-ENCRYPTED.xpr/DESD-LAB2/DESD-LAB2.gen/sources_1/bd/design_1/ip/design_1_depacketizer_0_0/design_1_depacketizer_0_0/design_1_depacketizer_0_0_in_context.xdc] for cell 'design_1_i/depacketizer_0'
Parsing XDC File [c:/Users/chiar/Desktop/DESD-LAB2-ENCRYPTED.xpr/DESD-LAB2/DESD-LAB2.gen/sources_1/bd/design_1/ip/design_1_packetizer_0_1/design_1_packetizer_0_1/design_1_packetizer_0_1_in_context.xdc] for cell 'design_1_i/packetizer_0'
Finished Parsing XDC File [c:/Users/chiar/Desktop/DESD-LAB2-ENCRYPTED.xpr/DESD-LAB2/DESD-LAB2.gen/sources_1/bd/design_1/ip/design_1_packetizer_0_1/design_1_packetizer_0_1/design_1_packetizer_0_1_in_context.xdc] for cell 'design_1_i/packetizer_0'
Parsing XDC File [c:/Users/chiar/Desktop/DESD-LAB2-ENCRYPTED.xpr/DESD-LAB2/DESD-LAB2.gen/sources_1/bd/design_1/ip/design_1_rgb2gray_0_0/design_1_rgb2gray_0_0/design_1_rgb2gray_0_0_in_context.xdc] for cell 'design_1_i/rgb2gray_0'
Finished Parsing XDC File [c:/Users/chiar/Desktop/DESD-LAB2-ENCRYPTED.xpr/DESD-LAB2/DESD-LAB2.gen/sources_1/bd/design_1/ip/design_1_rgb2gray_0_0/design_1_rgb2gray_0_0/design_1_rgb2gray_0_0_in_context.xdc] for cell 'design_1_i/rgb2gray_0'
Parsing XDC File [c:/Users/chiar/Desktop/DESD-LAB2-ENCRYPTED.xpr/DESD-LAB2/DESD-LAB2.gen/sources_1/bd/design_1/ip/design_1_bram_writer_0_0/design_1_bram_writer_0_0/design_1_bram_writer_0_0_in_context.xdc] for cell 'design_1_i/bram_writer_0'
Finished Parsing XDC File [c:/Users/chiar/Desktop/DESD-LAB2-ENCRYPTED.xpr/DESD-LAB2/DESD-LAB2.gen/sources_1/bd/design_1/ip/design_1_bram_writer_0_0/design_1_bram_writer_0_0/design_1_bram_writer_0_0_in_context.xdc] for cell 'design_1_i/bram_writer_0'
Parsing XDC File [C:/Users/chiar/Desktop/DESD-LAB2-ENCRYPTED.xpr/DESD-LAB2/DESD-LAB2.srcs/constrs_1/imports/LAB_2/pins.xdc]
Finished Parsing XDC File [C:/Users/chiar/Desktop/DESD-LAB2-ENCRYPTED.xpr/DESD-LAB2/DESD-LAB2.srcs/constrs_1/imports/LAB_2/pins.xdc]
INFO: [Project 1-236] Implementation specific constraints were found while reading constraint file [C:/Users/chiar/Desktop/DESD-LAB2-ENCRYPTED.xpr/DESD-LAB2/DESD-LAB2.srcs/constrs_1/imports/LAB_2/pins.xdc]. These constraints will be ignored for synthesis but will be used in implementation. Impacted constraints are listed in the file [.Xil/design_1_wrapper_propImpl.xdc].
Resolution: To avoid this warning, move constraints listed in [.Xil/design_1_wrapper_propImpl.xdc] to another XDC file and exclude this new file from synthesis with the used_in_synthesis property (File Properties dialog in GUI) and re-run elaboration/synthesis.
Parsing XDC File [C:/Users/chiar/Desktop/DESD-LAB2-ENCRYPTED.xpr/DESD-LAB2/DESD-LAB2.runs/synth_1/dont_touch.xdc]
Finished Parsing XDC File [C:/Users/chiar/Desktop/DESD-LAB2-ENCRYPTED.xpr/DESD-LAB2/DESD-LAB2.runs/synth_1/dont_touch.xdc]
Completed Processing XDC Constraints

Netlist sorting complete. Time (s): cpu = 00:00:00 ; elapsed = 00:00:00 . Memory (MB): peak = 1045.738 ; gain = 0.000
INFO: [Project 1-111] Unisim Transformation Summary:
No Unisim elements were transformed.

Constraint Validation Runtime : Time (s): cpu = 00:00:00 ; elapsed = 00:00:00.006 . Memory (MB): peak = 1045.738 ; gain = 0.000
---------------------------------------------------------------------------------
Finished Constraint Validation : Time (s): cpu = 00:00:11 ; elapsed = 00:00:12 . Memory (MB): peak = 1045.738 ; gain = 31.031
---------------------------------------------------------------------------------
---------------------------------------------------------------------------------
Start Loading Part and Timing Information
---------------------------------------------------------------------------------
Loading part: xc7a35tcpg236-1
---------------------------------------------------------------------------------
Finished Loading Part and Timing Information : Time (s): cpu = 00:00:11 ; elapsed = 00:00:12 . Memory (MB): peak = 1045.738 ; gain = 31.031
---------------------------------------------------------------------------------
---------------------------------------------------------------------------------
Start Applying 'set_property' XDC Constraints
---------------------------------------------------------------------------------
Applied set_property IO_BUFFER_TYPE = NONE for sys_clock. (constraint file  c:/Users/chiar/Desktop/DESD-LAB2-ENCRYPTED.xpr/DESD-LAB2/DESD-LAB2.gen/sources_1/bd/design_1/ip/design_1_clk_wiz_0_0/design_1_clk_wiz_0_0/design_1_clk_wiz_0_0_in_context.xdc, line 3).
Applied set_property CLOCK_BUFFER_TYPE = NONE for sys_clock. (constraint file  c:/Users/chiar/Desktop/DESD-LAB2-ENCRYPTED.xpr/DESD-LAB2/DESD-LAB2.gen/sources_1/bd/design_1/ip/design_1_clk_wiz_0_0/design_1_clk_wiz_0_0/design_1_clk_wiz_0_0_in_context.xdc, line 4).
Applied set_property KEEP_HIERARCHY = SOFT for design_1_i. (constraint file  auto generated constraint).
Applied set_property KEEP_HIERARCHY = SOFT for design_1_i/system_ila_0. (constraint file  auto generated constraint).
Applied set_property KEEP_HIERARCHY = SOFT for design_1_i/led_blinker_0. (constraint file  auto generated constraint).
Applied set_property KEEP_HIERARCHY = SOFT for design_1_i/img_conv_0. (constraint file  auto generated constraint).
Applied set_property KEEP_HIERARCHY = SOFT for design_1_i/led_blinker_1. (constraint file  auto generated constraint).
Applied set_property KEEP_HIERARCHY = SOFT for design_1_i/led_blinker_2. (constraint file  auto generated constraint).
Applied set_property KEEP_HIERARCHY = SOFT for design_1_i/AXI4Stream_UART_0. (constraint file  auto generated constraint).
Applied set_property KEEP_HIERARCHY = SOFT for design_1_i/clk_wiz_0. (constraint file  auto generated constraint).
Applied set_property KEEP_HIERARCHY = SOFT for design_1_i/proc_sys_reset_0. (constraint file  auto generated constraint).
Applied set_property KEEP_HIERARCHY = SOFT for design_1_i/depacketizer_0. (constraint file  auto generated constraint).
Applied set_property KEEP_HIERARCHY = SOFT for design_1_i/packetizer_0. (constraint file  auto generated constraint).
Applied set_property KEEP_HIERARCHY = SOFT for design_1_i/rgb2gray_0. (constraint file  auto generated constraint).
Applied set_property KEEP_HIERARCHY = SOFT for design_1_i/bram_writer_0. (constraint file  auto generated constraint).
---------------------------------------------------------------------------------
Finished applying 'set_property' XDC Constraints : Time (s): cpu = 00:00:11 ; elapsed = 00:00:12 . Memory (MB): peak = 1045.738 ; gain = 31.031
---------------------------------------------------------------------------------
---------------------------------------------------------------------------------
Finished RTL Optimization Phase 2 : Time (s): cpu = 00:00:11 ; elapsed = 00:00:13 . Memory (MB): peak = 1045.738 ; gain = 31.031
---------------------------------------------------------------------------------
---------------------------------------------------------------------------------
Start RTL Component Statistics 
---------------------------------------------------------------------------------
Detailed RTL Component Info : 
---------------------------------------------------------------------------------
Finished RTL Component Statistics 
---------------------------------------------------------------------------------
---------------------------------------------------------------------------------
Start Part Resource Summary
---------------------------------------------------------------------------------
Part Resources:
DSPs: 90 (col length:60)
BRAMs: 100 (col length: RAMB18 60 RAMB36 30)
---------------------------------------------------------------------------------
Finished Part Resource Summary
---------------------------------------------------------------------------------
---------------------------------------------------------------------------------
Start Cross Boundary and Area Optimization
---------------------------------------------------------------------------------
---------------------------------------------------------------------------------
Finished Cross Boundary and Area Optimization : Time (s): cpu = 00:00:12 ; elapsed = 00:00:14 . Memory (MB): peak = 1045.738 ; gain = 31.031
---------------------------------------------------------------------------------
---------------------------------------------------------------------------------
Start Applying XDC Timing Constraints
---------------------------------------------------------------------------------
---------------------------------------------------------------------------------
Finished Applying XDC Timing Constraints : Time (s): cpu = 00:00:17 ; elapsed = 00:00:20 . Memory (MB): peak = 1084.312 ; gain = 69.605
---------------------------------------------------------------------------------
---------------------------------------------------------------------------------
Start Timing Optimization
---------------------------------------------------------------------------------
---------------------------------------------------------------------------------
Finished Timing Optimization : Time (s): cpu = 00:00:17 ; elapsed = 00:00:20 . Memory (MB): peak = 1084.312 ; gain = 69.605
---------------------------------------------------------------------------------
---------------------------------------------------------------------------------
Start Technology Mapping
---------------------------------------------------------------------------------
---------------------------------------------------------------------------------
Finished Technology Mapping : Time (s): cpu = 00:00:17 ; elapsed = 00:00:20 . Memory (MB): peak = 1103.906 ; gain = 89.199
---------------------------------------------------------------------------------
---------------------------------------------------------------------------------
Start IO Insertion
---------------------------------------------------------------------------------
---------------------------------------------------------------------------------
Start Flattening Before IO Insertion
---------------------------------------------------------------------------------
---------------------------------------------------------------------------------
Finished Flattening Before IO Insertion
---------------------------------------------------------------------------------
---------------------------------------------------------------------------------
Start Final Netlist Cleanup
---------------------------------------------------------------------------------
---------------------------------------------------------------------------------
Finished Final Netlist Cleanup
---------------------------------------------------------------------------------
---------------------------------------------------------------------------------
Finished IO Insertion : Time (s): cpu = 00:00:20 ; elapsed = 00:00:23 . Memory (MB): peak = 1108.719 ; gain = 94.012
---------------------------------------------------------------------------------
---------------------------------------------------------------------------------
Start Renaming Generated Instances
---------------------------------------------------------------------------------
---------------------------------------------------------------------------------
Finished Renaming Generated Instances : Time (s): cpu = 00:00:20 ; elapsed = 00:00:23 . Memory (MB): peak = 1108.719 ; gain = 94.012
---------------------------------------------------------------------------------
---------------------------------------------------------------------------------
Start Rebuilding User Hierarchy
---------------------------------------------------------------------------------
---------------------------------------------------------------------------------
Finished Rebuilding User Hierarchy : Time (s): cpu = 00:00:20 ; elapsed = 00:00:23 . Memory (MB): peak = 1108.719 ; gain = 94.012
---------------------------------------------------------------------------------
---------------------------------------------------------------------------------
Start Renaming Generated Ports
---------------------------------------------------------------------------------
---------------------------------------------------------------------------------
Finished Renaming Generated Ports : Time (s): cpu = 00:00:20 ; elapsed = 00:00:23 . Memory (MB): peak = 1108.719 ; gain = 94.012
---------------------------------------------------------------------------------
---------------------------------------------------------------------------------
Start Handling Custom Attributes
---------------------------------------------------------------------------------
---------------------------------------------------------------------------------
Finished Handling Custom Attributes : Time (s): cpu = 00:00:20 ; elapsed = 00:00:23 . Memory (MB): peak = 1108.719 ; gain = 94.012
---------------------------------------------------------------------------------
---------------------------------------------------------------------------------
Start Renaming Generated Nets
---------------------------------------------------------------------------------
---------------------------------------------------------------------------------
Finished Renaming Generated Nets : Time (s): cpu = 00:00:20 ; elapsed = 00:00:23 . Memory (MB): peak = 1108.719 ; gain = 94.012
---------------------------------------------------------------------------------
---------------------------------------------------------------------------------
Start Writing Synthesis Report
---------------------------------------------------------------------------------

Report BlackBoxes: 
+------+-----------------------------+----------+
|      |BlackBox name                |Instances |
+------+-----------------------------+----------+
|1     |design_1_AXI4Stream_UART_0_0 |         1|
|2     |design_1_bram_writer_0_0     |         1|
|3     |design_1_clk_wiz_0_0         |         1|
|4     |design_1_depacketizer_0_0    |         1|
|5     |design_1_img_conv_0_0        |         1|
|6     |design_1_led_blinker_0_0     |         1|
|7     |design_1_led_blinker_0_1     |         1|
|8     |design_1_led_blinker_0_2     |         1|
|9     |design_1_packetizer_0_1      |         1|
|10    |design_1_proc_sys_reset_0_0  |         1|
|11    |design_1_rgb2gray_0_0        |         1|
|12    |design_1_system_ila_0_0      |         1|
+------+-----------------------------+----------+

Report Cell Usage: 
+------+----------------------------------+------+
|      |Cell                              |Count |
+------+----------------------------------+------+
|1     |design_1_AXI4Stream_UART_0_0_bbox |     1|
|2     |design_1_bram_writer_0_0_bbox     |     1|
|3     |design_1_clk_wiz_0_0_bbox         |     1|
|4     |design_1_depacketizer_0_0_bbox    |     1|
|5     |design_1_img_conv_0_0_bbox        |     1|
|6     |design_1_led_blinker_0_0_bbox     |     1|
|7     |design_1_led_blinker_0_1_bbox     |     1|
|8     |design_1_led_blinker_0_2_bbox     |     1|
|9     |design_1_packetizer_0_1_bbox      |     1|
|10    |design_1_proc_sys_reset_0_0_bbox  |     1|
|11    |design_1_rgb2gray_0_0_bbox        |     1|
|12    |design_1_system_ila_0_0_bbox      |     1|
|13    |IBUF                              |     2|
|14    |OBUF                              |     4|
+------+----------------------------------+------+
---------------------------------------------------------------------------------
Finished Writing Synthesis Report : Time (s): cpu = 00:00:20 ; elapsed = 00:00:23 . Memory (MB): peak = 1108.719 ; gain = 94.012
---------------------------------------------------------------------------------
Synthesis finished with 0 errors, 0 critical warnings and 0 warnings.
Synthesis Optimization Runtime : Time (s): cpu = 00:00:14 ; elapsed = 00:00:21 . Memory (MB): peak = 1108.719 ; gain = 64.992
Synthesis Optimization Complete : Time (s): cpu = 00:00:21 ; elapsed = 00:00:23 . Memory (MB): peak = 1108.719 ; gain = 94.012
INFO: [Project 1-571] Translating synthesized netlist
Netlist sorting complete. Time (s): cpu = 00:00:00 ; elapsed = 00:00:00.001 . Memory (MB): peak = 1121.746 ; gain = 0.000
INFO: [Project 1-570] Preparing netlist for logic optimization
INFO: [Opt 31-138] Pushed 0 inverter(s) to 0 load pin(s).
Netlist sorting complete. Time (s): cpu = 00:00:00 ; elapsed = 00:00:00 . Memory (MB): peak = 1127.488 ; gain = 0.000
INFO: [Project 1-111] Unisim Transformation Summary:
No Unisim elements were transformed.

INFO: [Common 17-83] Releasing license: Synthesis
45 Infos, 0 Warnings, 0 Critical Warnings and 0 Errors encountered.
synth_design completed successfully
synth_design: Time (s): cpu = 00:00:25 ; elapsed = 00:00:30 . Memory (MB): peak = 1127.488 ; gain = 112.781
INFO: [Common 17-1381] The checkpoint 'C:/Users/chiar/Desktop/DESD-LAB2-ENCRYPTED.xpr/DESD-LAB2/DESD-LAB2.runs/synth_1/design_1_wrapper.dcp' has been generated.
INFO: [runtcl-4] Executing : report_utilization -file design_1_wrapper_utilization_synth.rpt -pb design_1_wrapper_utilization_synth.pb
INFO: [Common 17-206] Exiting Vivado at Thu Apr 17 17:56:02 2025...
